{"C:\\Users\\Mgnet\\Documents\\projeto1\\src\\components\\Button\\index.jsx": {"path":"C:\\Users\\Mgnet\\Documents\\projeto1\\src\\components\\Button\\index.jsx","statementMap":{"0":{"start":{"line":6,"column":42},"end":{"line":6,"column":52}},"1":{"start":{"line":8,"column":8},"end":{"line":16,"column":10}}},"fnMap":{"0":{"name":"(anonymous_0)","decl":{"start":{"line":5,"column":4},"end":{"line":5,"column":5}},"loc":{"start":{"line":5,"column":13},"end":{"line":17,"column":5}},"line":5}},"branchMap":{},"s":{"0":5,"1":5},"f":{"0":5},"b":{},"_coverageSchema":"1a1c01bbd47fc00a2c39e90264f33305004495a9","hash":"d12c70405d3d8e828fb759bbb619b8187d32738f"}
,"C:\\Users\\Mgnet\\Documents\\projeto1\\src\\components\\PostCard\\index.jsx": {"path":"C:\\Users\\Mgnet\\Documents\\projeto1\\src\\components\\PostCard\\index.jsx","statementMap":{"0":{"start":{"line":3,"column":24},"end":{"line":11,"column":1}},"1":{"start":{"line":4,"column":4},"end":{"line":10,"column":10}}},"fnMap":{"0":{"name":"(anonymous_0)","decl":{"start":{"line":3,"column":24},"end":{"line":3,"column":25}},"loc":{"start":{"line":4,"column":4},"end":{"line":10,"column":10}},"line":4}},"branchMap":{},"s":{"0":3,"1":8},"f":{"0":8},"b":{},"_coverageSchema":"1a1c01bbd47fc00a2c39e90264f33305004495a9","hash":"b42e81c21ece0bf3a3ff8e26a170ab45095be1cc"}
,"C:\\Users\\Mgnet\\Documents\\projeto1\\src\\components\\PostCard\\mock.js": {"path":"C:\\Users\\Mgnet\\Documents\\projeto1\\src\\components\\PostCard\\mock.js","statementMap":{"0":{"start":{"line":1,"column":33},"end":{"line":6,"column":1}}},"fnMap":{},"branchMap":{},"s":{"0":1},"f":{},"b":{},"_coverageSchema":"1a1c01bbd47fc00a2c39e90264f33305004495a9","hash":"eb71e34edbd165965fd7b694ca1aed55a143ed93"}
,"C:\\Users\\Mgnet\\Documents\\projeto1\\src\\components\\Posts\\index.jsx": {"path":"C:\\Users\\Mgnet\\Documents\\projeto1\\src\\components\\Posts\\index.jsx","statementMap":{"0":{"start":{"line":4,"column":21},"end":{"line":18,"column":1}},"1":{"start":{"line":5,"column":4},"end":{"line":17,"column":10}},"2":{"start":{"line":8,"column":16},"end":{"line":14,"column":18}}},"fnMap":{"0":{"name":"(anonymous_0)","decl":{"start":{"line":4,"column":21},"end":{"line":4,"column":22}},"loc":{"start":{"line":5,"column":4},"end":{"line":17,"column":10}},"line":5},"1":{"name":"(anonymous_1)","decl":{"start":{"line":7,"column":22},"end":{"line":7,"column":23}},"loc":{"start":{"line":8,"column":16},"end":{"line":14,"column":18}},"line":8}},"branchMap":{"0":{"loc":{"start":{"line":4,"column":24},"end":{"line":4,"column":34}},"type":"default-arg","locations":[{"start":{"line":4,"column":32},"end":{"line":4,"column":34}}],"line":4}},"s":{"0":2,"1":3,"2":6},"f":{"0":3,"1":6},"b":{"0":[1]},"_coverageSchema":"1a1c01bbd47fc00a2c39e90264f33305004495a9","hash":"11ca5eadc9725ea8b90e7b4f62b254585bab38ea"}
,"C:\\Users\\Mgnet\\Documents\\projeto1\\src\\components\\TextInput\\index.jsx": {"path":"C:\\Users\\Mgnet\\Documents\\projeto1\\src\\components\\TextInput\\index.jsx","statementMap":{"0":{"start":{"line":3,"column":25},"end":{"line":13,"column":1}},"1":{"start":{"line":4,"column":4},"end":{"line":12,"column":6}}},"fnMap":{"0":{"name":"(anonymous_0)","decl":{"start":{"line":3,"column":25},"end":{"line":3,"column":26}},"loc":{"start":{"line":3,"column":58},"end":{"line":13,"column":1}},"line":3}},"branchMap":{},"s":{"0":2,"1":3},"f":{"0":3},"b":{},"_coverageSchema":"1a1c01bbd47fc00a2c39e90264f33305004495a9","hash":"fecf98d88ac8bf0f1c36aa5eac5b608dbf3e806a"}
,"C:\\Users\\Mgnet\\Documents\\projeto1\\src\\templates\\Home\\index.jsx": {"path":"C:\\Users\\Mgnet\\Documents\\projeto1\\src\\templates\\Home\\index.jsx","statementMap":{"0":{"start":{"line":11,"column":10},"end":{"line":17,"column":3}},"1":{"start":{"line":20,"column":4},"end":{"line":20,"column":27}},"2":{"start":{"line":23,"column":14},"end":{"line":32,"column":3}},"3":{"start":{"line":25,"column":33},"end":{"line":25,"column":43}},"4":{"start":{"line":27,"column":27},"end":{"line":27,"column":44}},"5":{"start":{"line":28,"column":4},"end":{"line":31,"column":6}},"6":{"start":{"line":34,"column":18},"end":{"line":50,"column":3}},"7":{"start":{"line":41,"column":8},"end":{"line":41,"column":18}},"8":{"start":{"line":43,"column":21},"end":{"line":43,"column":40}},"9":{"start":{"line":44,"column":22},"end":{"line":44,"column":71}},"10":{"start":{"line":46,"column":4},"end":{"line":46,"column":29}},"11":{"start":{"line":48,"column":4},"end":{"line":48,"column":42}},"12":{"start":{"line":52,"column":17},"end":{"line":55,"column":3}},"13":{"start":{"line":53,"column":20},"end":{"line":53,"column":28}},"14":{"start":{"line":54,"column":4},"end":{"line":54,"column":40}},"15":{"start":{"line":58,"column":63},"end":{"line":58,"column":73}},"16":{"start":{"line":59,"column":24},"end":{"line":59,"column":60}},"17":{"start":{"line":61,"column":26},"end":{"line":66,"column":9}},"18":{"start":{"line":63,"column":6},"end":{"line":63,"column":74}},"19":{"start":{"line":68,"column":4},"end":{"line":104,"column":6}}},"fnMap":{"0":{"name":"(anonymous_0)","decl":{"start":{"line":19,"column":2},"end":{"line":19,"column":3}},"loc":{"start":{"line":19,"column":27},"end":{"line":21,"column":3}},"line":19},"1":{"name":"(anonymous_1)","decl":{"start":{"line":23,"column":14},"end":{"line":23,"column":15}},"loc":{"start":{"line":23,"column":26},"end":{"line":32,"column":3}},"line":23},"2":{"name":"(anonymous_2)","decl":{"start":{"line":34,"column":18},"end":{"line":34,"column":19}},"loc":{"start":{"line":34,"column":24},"end":{"line":50,"column":3}},"line":34},"3":{"name":"(anonymous_3)","decl":{"start":{"line":52,"column":17},"end":{"line":52,"column":18}},"loc":{"start":{"line":52,"column":24},"end":{"line":55,"column":3}},"line":52},"4":{"name":"(anonymous_4)","decl":{"start":{"line":57,"column":2},"end":{"line":57,"column":3}},"loc":{"start":{"line":57,"column":11},"end":{"line":105,"column":3}},"line":57},"5":{"name":"(anonymous_5)","decl":{"start":{"line":62,"column":20},"end":{"line":62,"column":21}},"loc":{"start":{"line":62,"column":28},"end":{"line":64,"column":5}},"line":62}},"branchMap":{"0":{"loc":{"start":{"line":61,"column":26},"end":{"line":66,"column":9}},"type":"cond-expr","locations":[{"start":{"line":62,"column":4},"end":{"line":64,"column":6}},{"start":{"line":66,"column":4},"end":{"line":66,"column":9}}],"line":61},"1":{"loc":{"start":{"line":73,"column":12},"end":{"line":75,"column":13}},"type":"binary-expr","locations":[{"start":{"line":73,"column":12},"end":{"line":73,"column":25}},{"start":{"line":74,"column":16},"end":{"line":74,"column":52}}],"line":73},"2":{"loc":{"start":{"line":81,"column":9},"end":{"line":83,"column":9}},"type":"binary-expr","locations":[{"start":{"line":81,"column":9},"end":{"line":81,"column":33}},{"start":{"line":82,"column":10},"end":{"line":82,"column":40}}],"line":81},"3":{"loc":{"start":{"line":85,"column":9},"end":{"line":87,"column":9}},"type":"binary-expr","locations":[{"start":{"line":85,"column":9},"end":{"line":85,"column":35}},{"start":{"line":86,"column":10},"end":{"line":86,"column":29}}],"line":85},"4":{"loc":{"start":{"line":92,"column":12},"end":{"line":98,"column":13}},"type":"binary-expr","locations":[{"start":{"line":92,"column":12},"end":{"line":92,"column":24}},{"start":{"line":93,"column":14},"end":{"line":97,"column":16}}],"line":92}},"s":{"0":0,"1":0,"2":0,"3":0,"4":0,"5":0,"6":0,"7":0,"8":0,"9":0,"10":0,"11":0,"12":0,"13":0,"14":0,"15":0,"16":0,"17":0,"18":0,"19":0},"f":{"0":0,"1":0,"2":0,"3":0,"4":0,"5":0},"b":{"0":[0,0],"1":[0,0],"2":[0,0],"3":[0,0],"4":[0,0]},"_coverageSchema":"1a1c01bbd47fc00a2c39e90264f33305004495a9","hash":"89801a88c336da4a087bf779c9afab502a0e2875"}
}
